[2023-08-07 00:01:32] INFO root fetch - main [MainThread]: Get Changelog since Serial: [19197525]
[2023-08-07 00:01:37] INFO root fetch - main [MainThread]: Found 5 changed packages
[2023-08-07 00:01:37] INFO root fetch - processPackages [ThreadPoolExecutor-0_0]: Start processing: animeworld
[2023-08-07 00:01:37] INFO root fetch - processPackages [ThreadPoolExecutor-0_1]: Start processing: nonebot-plugin-impact
[2023-08-07 00:01:37] INFO root fetch - processPackages [ThreadPoolExecutor-0_2]: Start processing: evennia
[2023-08-07 00:01:37] INFO root fetch - processPackages [ThreadPoolExecutor-0_3]: Start processing: olografos
[2023-08-07 00:01:37] INFO root fetch - processPackages [ThreadPoolExecutor-0_4]: Start processing: Random-Word-Numpy
[2023-08-07 00:01:37] INFO root fetch - processPackages [nonebot-plugin-impact]: New version: [0.7.114514] Old Version: [0.6.114514]
[2023-08-07 00:01:37] INFO root fetch - processPackages [olografos]: New version: [1.0.1] Old Version: [0.0.0]
[2023-08-07 00:01:37] INFO root fetch - processPackages [evennia]: New version: [2.2.0] Old Version: [2.1.0]
[2023-08-07 00:01:37] WARNING root fetch - processPackages [Random-Word-Numpy]: Skipping, unable to determine old version
[2023-08-07 00:01:37] INFO root fetch - main [MainThread]: End processing [Random-Word-Numpy] error
[2023-08-07 00:01:37] INFO root fetch - processPackages [animeworld]: New version: [1.6.3] Old Version: [1.6.2]
[2023-08-07 00:01:37] INFO root fetch - processPackages [nonebot-plugin-impact]: Downloading https://files.pythonhosted.org/packages/e9/f0/b675c40a757aa848ae5ee489fda1c97c61f5ea5677dc0658e3e20cb3280a/nonebot_plugin_impact-0.6.114514.tar.gz
[2023-08-07 00:01:37] INFO root fetch - processPackages [olografos]: Downloading https://files.pythonhosted.org/packages/b2/15/61a5be086535c95537ec7b5ea9effd76e856e105fd160c0f859bcf2bd1aa/olografos-0.0.0.tar.gz
[2023-08-07 00:01:37] INFO root fetch - processPackages [evennia]: Downloading https://files.pythonhosted.org/packages/6d/99/18e8bb4762f25871b20b1f1592081facd2a05049a67f25012b301eb8bc5c/evennia-2.1.0.tar.gz
[2023-08-07 00:01:37] INFO root fetch - processPackages [olografos]: Downloading https://files.pythonhosted.org/packages/ac/f0/d56edee75ee3905b215ed55291f48fc3fb335c5c8c789d52f3a339bdf88e/olografos-1.0.1.tar.gz
[2023-08-07 00:01:37] INFO root fetch - processPackages [animeworld]: Downloading https://files.pythonhosted.org/packages/61/82/eca57e9537655f4ee3278047be2dfd26a5934389d54c5d85f7ab33a3c831/animeworld-1.6.2.tar.gz
[2023-08-07 00:01:38] INFO root fetch - processPackages [olografos]: executing diffoscope
[2023-08-07 00:01:38] INFO root fetch - processPackages [olografos]: podman run --user 0:0 --rm -w /home/abi/fetcher -v /home/abi/fetcher/tmp:/home/abi/fetcher/tmp:ro -v /home/abi/fetcher/20230807:/home/abi/fetcher/20230807:rw registry.salsa.debian.org/reproducible-builds/diffoscope --no-progress tmp/olografos-0.0.0.tar.gz tmp/olografos-1.0.1.tar.gz --markdown 20230807/o/olografos/0.0.0-1.0.1/diff.md --exclude *.pyd
[2023-08-07 00:01:38] INFO root fetch - processPackages [nonebot-plugin-impact]: Downloading https://files.pythonhosted.org/packages/eb/37/95dfbfb20fafcce81dd2d25530cacb8f6fda403f86aa634f9e9be34e4eb4/nonebot_plugin_impact-0.7.114514.tar.gz
[2023-08-07 00:01:38] INFO root fetch - processPackages [animeworld]: Downloading https://files.pythonhosted.org/packages/c1/79/b76e1d683868c35dab3c859d6f07dfe9fd3d1ea7637b57b66b3809d0e7ab/animeworld-1.6.3.tar.gz
[2023-08-07 00:01:38] INFO root fetch - processPackages [animeworld]: executing diffoscope
[2023-08-07 00:01:38] INFO root fetch - processPackages [animeworld]: podman run --user 0:0 --rm -w /home/abi/fetcher -v /home/abi/fetcher/tmp:/home/abi/fetcher/tmp:ro -v /home/abi/fetcher/20230807:/home/abi/fetcher/20230807:rw registry.salsa.debian.org/reproducible-builds/diffoscope --no-progress tmp/animeworld-1.6.2.tar.gz tmp/animeworld-1.6.3.tar.gz --markdown 20230807/a/animeworld/1.6.2-1.6.3/diff.md --exclude *.pyd
[2023-08-07 00:01:38] INFO root fetch - processPackages [evennia]: Downloading https://files.pythonhosted.org/packages/27/fa/8604d9250185ce243e93d643dbddaa40acfed6ecd23af957e9416bc46e5c/evennia-2.2.0.tar.gz
[2023-08-07 00:01:38] INFO root fetch - processPackages [nonebot-plugin-impact]: executing diffoscope
[2023-08-07 00:01:38] INFO root fetch - processPackages [nonebot-plugin-impact]: podman run --user 0:0 --rm -w /home/abi/fetcher -v /home/abi/fetcher/tmp:/home/abi/fetcher/tmp:ro -v /home/abi/fetcher/20230807:/home/abi/fetcher/20230807:rw registry.salsa.debian.org/reproducible-builds/diffoscope --no-progress tmp/nonebot_plugin_impact-0.6.114514.tar.gz tmp/nonebot_plugin_impact-0.7.114514.tar.gz --markdown 20230807/n/nonebot-plugin-impact/0.6.114514-0.7.114514/diff.md --exclude *.pyd
[2023-08-07 00:01:39] INFO root fetch - processPackages [evennia]: executing diffoscope
[2023-08-07 00:01:39] INFO root fetch - processPackages [evennia]: podman run --user 0:0 --rm -w /home/abi/fetcher -v /home/abi/fetcher/tmp:/home/abi/fetcher/tmp:ro -v /home/abi/fetcher/20230807:/home/abi/fetcher/20230807:rw registry.salsa.debian.org/reproducible-builds/diffoscope --no-progress tmp/evennia-2.1.0.tar.gz tmp/evennia-2.2.0.tar.gz --markdown 20230807/e/evennia/2.1.0-2.2.0/diff.md --exclude *.pyd
[2023-08-07 00:01:39] INFO root fetch - processPackages [olografos]: Remove: archive file [/home/abi/fetcher/tmp/olografos-0.0.0.tar.gz]
[2023-08-07 00:01:39] INFO root fetch - processPackages [olografos]: Remove: archive file [/home/abi/fetcher/tmp/olografos-1.0.1.tar.gz]
[2023-08-07 00:01:39] INFO root fetch - main [MainThread]: End processing [olografos]: success
[2023-08-07 00:01:39] INFO root fetch - processPackages [animeworld]: Remove: archive file [/home/abi/fetcher/tmp/animeworld-1.6.2.tar.gz]
[2023-08-07 00:01:39] INFO root fetch - processPackages [animeworld]: Remove: archive file [/home/abi/fetcher/tmp/animeworld-1.6.3.tar.gz]
[2023-08-07 00:01:39] INFO root fetch - main [MainThread]: End processing [animeworld]: success
[2023-08-07 00:01:39] INFO root fetch - processPackages [nonebot-plugin-impact]: Remove: archive file [/home/abi/fetcher/tmp/nonebot_plugin_impact-0.6.114514.tar.gz]
[2023-08-07 00:01:39] INFO root fetch - processPackages [nonebot-plugin-impact]: Remove: archive file [/home/abi/fetcher/tmp/nonebot_plugin_impact-0.7.114514.tar.gz]
[2023-08-07 00:01:39] INFO root fetch - main [MainThread]: End processing [nonebot-plugin-impact]: success
[2023-08-07 00:01:44] INFO root fetch - processPackages [evennia]: Remove: archive file [/home/abi/fetcher/tmp/evennia-2.1.0.tar.gz]
[2023-08-07 00:01:44] INFO root fetch - processPackages [evennia]: Remove: archive file [/home/abi/fetcher/tmp/evennia-2.2.0.tar.gz]
[2023-08-07 00:01:44] INFO root fetch - main [MainThread]: End processing [evennia]: success
[2023-08-07 00:01:44] INFO root fetch - main [MainThread]: Store serial: [19197545]
[2023-08-07 00:06:47] INFO root fetch - main [MainThread]: Get Changelog since Serial: [19197545]
[2023-08-07 00:06:52] INFO root fetch - main [MainThread]: Found 6 changed packages
[2023-08-07 00:06:52] INFO root fetch - processPackages [ThreadPoolExecutor-0_0]: Start processing: hezar
[2023-08-07 00:06:52] INFO root fetch - processPackages [ThreadPoolExecutor-0_1]: Start processing: open-interpreter
[2023-08-07 00:06:52] INFO root fetch - processPackages [ThreadPoolExecutor-0_2]: Start processing: project-arrakis
[2023-08-07 00:06:52] INFO root fetch - processPackages [ThreadPoolExecutor-0_3]: Start processing: pyxavi
[2023-08-07 00:06:52] INFO root fetch - processPackages [ThreadPoolExecutor-0_4]: Start processing: superpathlib
[2023-08-07 00:06:52] INFO root fetch - processPackages [ThreadPoolExecutor-0_5]: Start processing: EnvisionRiskRaaS
[2023-08-07 00:06:52] INFO root fetch - processPackages [hezar]: New version: [0.21.0] Old Version: [0.20.1]
[2023-08-07 00:06:52] WARNING root fetch - processPackages [pyxavi]: Skipping, unable to determine old version
[2023-08-07 00:06:52] INFO root fetch - main [MainThread]: End processing [pyxavi] error
[2023-08-07 00:06:52] INFO root fetch - processPackages [open-interpreter]: New version: [0.0.272] Old Version: [0.0.271]
[2023-08-07 00:06:52] INFO root fetch - processPackages [hezar]: Downloading https://files.pythonhosted.org/packages/d2/17/6dd321aa26c7d4f8696464199f28ade175d25da4fac152e1031400620101/hezar-0.20.1.tar.gz
[2023-08-07 00:06:52] INFO root fetch - processPackages [EnvisionRiskRaaS]: New version: [1.1.7] Old Version: [1.1.6]
[2023-08-07 00:06:52] INFO root fetch - processPackages [superpathlib]: New version: [1.1.0] Old Version: [1.0.4]
[2023-08-07 00:06:52] INFO root fetch - processPackages [open-interpreter]: Downloading https://files.pythonhosted.org/packages/a0/8a/69aeabfedeb9b81fe7dff4bb5d4b7c9de7523844b626b5b999a28d350ec7/open_interpreter-0.0.271.tar.gz
[2023-08-07 00:06:52] WARNING root fetch - processPackages [project-arrakis]: Skipping, unable to determine old version
[2023-08-07 00:06:52] INFO root fetch - main [MainThread]: End processing [project-arrakis] error
[2023-08-07 00:06:53] INFO root fetch - processPackages [hezar]: Downloading https://files.pythonhosted.org/packages/e6/56/fb23e570afd4f2b263d88cb4bad5dcf45ff846c748244f3c2c0d5a01a911/hezar-0.21.0.tar.gz
[2023-08-07 00:06:53] INFO root fetch - processPackages [EnvisionRiskRaaS]: Downloading https://files.pythonhosted.org/packages/61/dd/e0c4afb1620c4a2abfa009a572ada6562c00ffbd02f420ee77951f9cdb63/envisionriskraas-1.1.6.tar.gz
[2023-08-07 00:06:53] INFO root fetch - processPackages [superpathlib]: Downloading https://files.pythonhosted.org/packages/30/1b/6867d8eecabbae547eea1948b85f2df05c4e3c8ca0d77a76182f0b9cc1bd/superpathlib-1.0.4.tar.gz
[2023-08-07 00:06:53] INFO root fetch - processPackages [open-interpreter]: Downloading https://files.pythonhosted.org/packages/dd/42/7944e5d0c790283717e63fe23ea1a2741b333d4f9b2adb1598a2988093aa/open_interpreter-0.0.272.tar.gz
[2023-08-07 00:06:53] INFO root fetch - processPackages [hezar]: executing diffoscope
[2023-08-07 00:06:53] INFO root fetch - processPackages [hezar]: podman run --user 0:0 --rm -w /home/abi/fetcher -v /home/abi/fetcher/tmp:/home/abi/fetcher/tmp:ro -v /home/abi/fetcher/20230807:/home/abi/fetcher/20230807:rw registry.salsa.debian.org/reproducible-builds/diffoscope --no-progress tmp/hezar-0.20.1.tar.gz tmp/hezar-0.21.0.tar.gz --markdown 20230807/h/hezar/0.20.1-0.21.0/diff.md --exclude *.pyd
[2023-08-07 00:06:53] INFO root fetch - processPackages [open-interpreter]: executing diffoscope
[2023-08-07 00:06:53] INFO root fetch - processPackages [open-interpreter]: podman run --user 0:0 --rm -w /home/abi/fetcher -v /home/abi/fetcher/tmp:/home/abi/fetcher/tmp:ro -v /home/abi/fetcher/20230807:/home/abi/fetcher/20230807:rw registry.salsa.debian.org/reproducible-builds/diffoscope --no-progress tmp/open_interpreter-0.0.271.tar.gz tmp/open_interpreter-0.0.272.tar.gz --markdown 20230807/o/open-interpreter/0.0.271-0.0.272/diff.md --exclude *.pyd
[2023-08-07 00:06:53] INFO root fetch - processPackages [EnvisionRiskRaaS]: Downloading https://files.pythonhosted.org/packages/b1/09/7fbb591180913966f7722e81f13662a3ec65fe3deadac7983b5ce29f80cd/envisionriskraas-1.1.7.tar.gz
[2023-08-07 00:06:53] INFO root fetch - processPackages [superpathlib]: Downloading https://files.pythonhosted.org/packages/31/ef/58609caba343cc55d39c770614ba4d346e599092448d26bdd520d5b651bd/superpathlib-1.1.0.tar.gz
[2023-08-07 00:06:53] INFO root fetch - processPackages [EnvisionRiskRaaS]: executing diffoscope
[2023-08-07 00:06:53] INFO root fetch - processPackages [EnvisionRiskRaaS]: podman run --user 0:0 --rm -w /home/abi/fetcher -v /home/abi/fetcher/tmp:/home/abi/fetcher/tmp:ro -v /home/abi/fetcher/20230807:/home/abi/fetcher/20230807:rw registry.salsa.debian.org/reproducible-builds/diffoscope --no-progress tmp/envisionriskraas-1.1.6.tar.gz tmp/envisionriskraas-1.1.7.tar.gz --markdown 20230807/E/EnvisionRiskRaaS/1.1.6-1.1.7/diff.md --exclude *.pyd
[2023-08-07 00:06:53] INFO root fetch - processPackages [superpathlib]: executing diffoscope
[2023-08-07 00:06:53] INFO root fetch - processPackages [superpathlib]: podman run --user 0:0 --rm -w /home/abi/fetcher -v /home/abi/fetcher/tmp:/home/abi/fetcher/tmp:ro -v /home/abi/fetcher/20230807:/home/abi/fetcher/20230807:rw registry.salsa.debian.org/reproducible-builds/diffoscope --no-progress tmp/superpathlib-1.0.4.tar.gz tmp/superpathlib-1.1.0.tar.gz --markdown 20230807/s/superpathlib/1.0.4-1.1.0/diff.md --exclude *.pyd
[2023-08-07 00:06:54] INFO root fetch - processPackages [open-interpreter]: Remove: archive file [/home/abi/fetcher/tmp/open_interpreter-0.0.271.tar.gz]
[2023-08-07 00:06:54] INFO root fetch - processPackages [open-interpreter]: Remove: archive file [/home/abi/fetcher/tmp/open_interpreter-0.0.272.tar.gz]
[2023-08-07 00:06:54] INFO root fetch - main [MainThread]: End processing [open-interpreter]: success
[2023-08-07 00:06:54] INFO root fetch - processPackages [superpathlib]: Remove: archive file [/home/abi/fetcher/tmp/superpathlib-1.0.4.tar.gz]
[2023-08-07 00:06:54] INFO root fetch - processPackages [superpathlib]: Remove: archive file [/home/abi/fetcher/tmp/superpathlib-1.1.0.tar.gz]
[2023-08-07 00:06:54] INFO root fetch - main [MainThread]: End processing [superpathlib]: success
[2023-08-07 00:06:54] INFO root fetch - processPackages [hezar]: Remove: archive file [/home/abi/fetcher/tmp/hezar-0.20.1.tar.gz]
[2023-08-07 00:06:54] INFO root fetch - processPackages [hezar]: Remove: archive file [/home/abi/fetcher/tmp/hezar-0.21.0.tar.gz]
[2023-08-07 00:06:54] INFO root fetch - main [MainThread]: End processing [hezar]: success
[2023-08-07 00:06:54] INFO root fetch - processPackages [EnvisionRiskRaaS]: Remove: archive file [/home/abi/fetcher/tmp/envisionriskraas-1.1.6.tar.gz]
[2023-08-07 00:06:54] INFO root fetch - processPackages [EnvisionRiskRaaS]: Remove: archive file [/home/abi/fetcher/tmp/envisionriskraas-1.1.7.tar.gz]
[2023-08-07 00:06:54] INFO root fetch - main [MainThread]: End processing [EnvisionRiskRaaS]: success
[2023-08-07 00:06:54] INFO root fetch - main [MainThread]: Store serial: [19197567]
[2023-08-07 00:11:58] INFO root fetch - main [MainThread]: Get Changelog since Serial: [19197567]
[2023-08-07 00:12:03] INFO root fetch - main [MainThread]: Found 11 changed packages
[2023-08-07 00:12:03] INFO root fetch - processPackages [ThreadPoolExecutor-0_0]: Start processing: metricsoperator
[2023-08-07 00:12:03] INFO root fetch - processPackages [ThreadPoolExecutor-0_1]: Start processing: easyecs
[2023-08-07 00:12:03] INFO root fetch - processPackages [ThreadPoolExecutor-0_2]: Start processing: poonia
[2023-08-07 00:12:03] INFO root fetch - processPackages [ThreadPoolExecutor-0_3]: Start processing: instagrapi
[2023-08-07 00:12:03] INFO root fetch - processPackages [ThreadPoolExecutor-0_4]: Start processing: ml-pretrained
[2023-08-07 00:12:03] INFO root fetch - processPackages [ThreadPoolExecutor-0_5]: Start processing: superpathlib
[2023-08-07 00:12:03] INFO root fetch - processPackages [ThreadPoolExecutor-0_6]: Start processing: pipcoloradditionV1
[2023-08-07 00:12:03] INFO root fetch - processPackages [ThreadPoolExecutor-0_7]: Start processing: yalexs
[2023-08-07 00:12:03] INFO root fetch - processPackages [ThreadPoolExecutor-0_8]: Start processing: Random-Word-Numpy
[2023-08-07 00:12:03] INFO root fetch - processPackages [ThreadPoolExecutor-0_9]: Start processing: pipcoloradditionV1
[2023-08-07 00:12:03] INFO root fetch - processPackages [easyecs]: New version: [0.6.0] Old Version: [0.5.1]
[2023-08-07 00:12:03] INFO root fetch - processPackages [superpathlib]: New version: [1.1.0] Old Version: [1.0.4]
[2023-08-07 00:12:03] INFO root fetch - processPackages [poonia]: New version: [0.1.9] Old Version: [0.1.8]
[2023-08-07 00:12:03] INFO root fetch - processPackages [instagrapi]: New version: [1.9.9] Old Version: [1.9.8]
[2023-08-07 00:12:03] WARNING root fetch - processPackages [metricsoperator]: Skipping, unable to determine old version
[2023-08-07 00:12:03] INFO root fetch - processPackages [metricsoperator]: Start processing: letterboxd-stats
[2023-08-07 00:12:03] INFO root fetch - main [MainThread]: End processing [metricsoperator] error
[2023-08-07 00:12:03] WARNING root fetch - processPackages [Random-Word-Numpy]: Skipping, unable to determine old version
[2023-08-07 00:12:03] INFO root fetch - main [MainThread]: End processing [Random-Word-Numpy] error
[2023-08-07 00:12:03] INFO root fetch - processPackages [pipcoloradditionV1]: New version: [1.1.0] Old Version: [1.0.0]
[2023-08-07 00:12:03] INFO root fetch - processPackages [pipcoloradditionV1]: New version: [1.1.0] Old Version: [1.0.0]
[2023-08-07 00:12:03] INFO root fetch - processPackages [ml-pretrained]: New version: [0.0.9] Old Version: [0.0.8]
[2023-08-07 00:12:03] INFO root fetch - processPackages [yalexs]: New version: [1.5.2] Old Version: [1.5.1]
[2023-08-07 00:12:03] INFO root fetch - processPackages [easyecs]: Downloading https://files.pythonhosted.org/packages/d5/94/9150da31631029ada70feae291f2c4179e55f5974690e7f6ac5314c4bd38/easyecs-0.5.1.tar.gz
[2023-08-07 00:12:03] INFO root fetch - processPackages [superpathlib]: Downloading https://files.pythonhosted.org/packages/30/1b/6867d8eecabbae547eea1948b85f2df05c4e3c8ca0d77a76182f0b9cc1bd/superpathlib-1.0.4.tar.gz
[2023-08-07 00:12:03] INFO root fetch - processPackages [instagrapi]: Downloading https://files.pythonhosted.org/packages/76/d7/2e3379f2e2033e99f5743565c35eea3290a0d8c64d972b61d72a5f58d114/instagrapi-1.9.8.tar.gz
[2023-08-07 00:12:03] INFO root fetch - processPackages [poonia]: Downloading https://files.pythonhosted.org/packages/c0/9a/d2fa5b974fa18c1244709a14876136ce2e769b9dccea53484d9374d9c2fa/poonia-0.1.8.tar.gz
[2023-08-07 00:12:03] INFO root fetch - processPackages [letterboxd-stats]: New version: [0.2.7] Old Version: [0.2.6]
[2023-08-07 00:12:03] INFO root fetch - processPackages [yalexs]: Downloading https://files.pythonhosted.org/packages/d7/60/7f5bcd2ea070ee3306811e7a59a3e9c491d4bfe5a94b8afb718989017f28/yalexs-1.5.1.tar.gz
[2023-08-07 00:12:03] INFO root fetch - processPackages [ml-pretrained]: Downloading https://files.pythonhosted.org/packages/e5/68/0f90f86a3b160e860ed5c540d8d0b88c2e127f0772a56b4aca863c8a14b8/ml-pretrained-0.0.8.tar.gz
[2023-08-07 00:12:03] INFO root fetch - processPackages [pipcoloradditionV1]: Downloading https://files.pythonhosted.org/packages/b6/52/0acd73f0b36b535769b02811fa9782b3d74996eb8a879c9edf4b38fb8760/pipcoloradditionV1-1.0.0.tar.gz
[2023-08-07 00:12:03] INFO root fetch - processPackages [pipcoloradditionV1]: Downloading https://files.pythonhosted.org/packages/b6/52/0acd73f0b36b535769b02811fa9782b3d74996eb8a879c9edf4b38fb8760/pipcoloradditionV1-1.0.0.tar.gz
[2023-08-07 00:12:04] INFO root fetch - processPackages [superpathlib]: Downloading https://files.pythonhosted.org/packages/31/ef/58609caba343cc55d39c770614ba4d346e599092448d26bdd520d5b651bd/superpathlib-1.1.0.tar.gz
[2023-08-07 00:12:04] INFO root fetch - processPackages [easyecs]: Downloading https://files.pythonhosted.org/packages/36/67/41f2f89a7201dd702d82add01be8291c698b77a1313fe560bad607d34fca/easyecs-0.6.0.tar.gz
[2023-08-07 00:12:04] INFO root fetch - processPackages [letterboxd-stats]: Downloading https://files.pythonhosted.org/packages/b4/d6/47ae1e2a891ba120c30e3ae1f80317d2ff1e61b09d2911505c9b3e753381/letterboxd_stats-0.2.6.tar.gz
[2023-08-07 00:12:04] INFO root fetch - processPackages [instagrapi]: Downloading https://files.pythonhosted.org/packages/1a/d8/c991a85c48ec7f9c0e137bdaebffcfe17e3a14ceb51fbce4a4e3742df665/instagrapi-1.9.9.tar.gz
[2023-08-07 00:12:04] INFO root fetch - processPackages [poonia]: Downloading https://files.pythonhosted.org/packages/09/db/c75f9a2a193bcbbbbad0543dba1745517caa715e67629b7828fd529e22ee/poonia-0.1.9.tar.gz
[2023-08-07 00:12:04] INFO root fetch - processPackages [superpathlib]: executing diffoscope
[2023-08-07 00:12:04] INFO root fetch - processPackages [superpathlib]: podman run --user 0:0 --rm -w /home/abi/fetcher -v /home/abi/fetcher/tmp:/home/abi/fetcher/tmp:ro -v /home/abi/fetcher/20230807:/home/abi/fetcher/20230807:rw registry.salsa.debian.org/reproducible-builds/diffoscope --no-progress tmp/superpathlib-1.0.4.tar.gz tmp/superpathlib-1.1.0.tar.gz --markdown 20230807/s/superpathlib/1.0.4-1.1.0/diff.md --exclude *.pyd
[2023-08-07 00:12:04] INFO root fetch - processPackages [easyecs]: executing diffoscope
[2023-08-07 00:12:04] INFO root fetch - processPackages [easyecs]: podman run --user 0:0 --rm -w /home/abi/fetcher -v /home/abi/fetcher/tmp:/home/abi/fetcher/tmp:ro -v /home/abi/fetcher/20230807:/home/abi/fetcher/20230807:rw registry.salsa.debian.org/reproducible-builds/diffoscope --no-progress tmp/easyecs-0.5.1.tar.gz tmp/easyecs-0.6.0.tar.gz --markdown 20230807/e/easyecs/0.5.1-0.6.0/diff.md --exclude *.pyd
[2023-08-07 00:12:04] INFO root fetch - processPackages [yalexs]: Downloading https://files.pythonhosted.org/packages/2d/e1/0bc7218e0553972911eb51598cc697f20f3190f44ad35706b2dbea3c1ae5/yalexs-1.5.2.tar.gz
[2023-08-07 00:12:04] INFO root fetch - processPackages [pipcoloradditionV1]: Downloading https://files.pythonhosted.org/packages/e8/5c/f5e3e9331c991d5b35ebc98d2fc485a363b600bed8a9a77773d7f09d611c/pipcoloradditionV1-1.1.0.tar.gz
[2023-08-07 00:12:04] INFO root fetch - processPackages [instagrapi]: executing diffoscope
[2023-08-07 00:12:04] INFO root fetch - processPackages [instagrapi]: podman run --user 0:0 --rm -w /home/abi/fetcher -v /home/abi/fetcher/tmp:/home/abi/fetcher/tmp:ro -v /home/abi/fetcher/20230807:/home/abi/fetcher/20230807:rw registry.salsa.debian.org/reproducible-builds/diffoscope --no-progress tmp/instagrapi-1.9.8.tar.gz tmp/instagrapi-1.9.9.tar.gz --markdown 20230807/i/instagrapi/1.9.8-1.9.9/diff.md --exclude *.pyd
[2023-08-07 00:12:04] INFO root fetch - processPackages [poonia]: executing diffoscope
[2023-08-07 00:12:04] INFO root fetch - processPackages [poonia]: podman run --user 0:0 --rm -w /home/abi/fetcher -v /home/abi/fetcher/tmp:/home/abi/fetcher/tmp:ro -v /home/abi/fetcher/20230807:/home/abi/fetcher/20230807:rw registry.salsa.debian.org/reproducible-builds/diffoscope --no-progress tmp/poonia-0.1.8.tar.gz tmp/poonia-0.1.9.tar.gz --markdown 20230807/p/poonia/0.1.8-0.1.9/diff.md --exclude *.pyd
[2023-08-07 00:12:04] INFO root fetch - processPackages [pipcoloradditionV1]: Downloading https://files.pythonhosted.org/packages/e8/5c/f5e3e9331c991d5b35ebc98d2fc485a363b600bed8a9a77773d7f09d611c/pipcoloradditionV1-1.1.0.tar.gz
[2023-08-07 00:12:04] INFO root fetch - processPackages [letterboxd-stats]: Downloading https://files.pythonhosted.org/packages/bc/34/559251ce1e83ea6fac63c5321ce3cbb1ced15593804a17fa93037d8c5ba1/letterboxd_stats-0.2.7.tar.gz
[2023-08-07 00:12:04] INFO root fetch - processPackages [yalexs]: executing diffoscope
[2023-08-07 00:12:04] INFO root fetch - processPackages [yalexs]: podman run --user 0:0 --rm -w /home/abi/fetcher -v /home/abi/fetcher/tmp:/home/abi/fetcher/tmp:ro -v /home/abi/fetcher/20230807:/home/abi/fetcher/20230807:rw registry.salsa.debian.org/reproducible-builds/diffoscope --no-progress tmp/yalexs-1.5.1.tar.gz tmp/yalexs-1.5.2.tar.gz --markdown 20230807/y/yalexs/1.5.1-1.5.2/diff.md --exclude *.pyd
[2023-08-07 00:12:04] INFO root fetch - processPackages [ml-pretrained]: Downloading https://files.pythonhosted.org/packages/e1/20/911c23727f18c016144699a869482c5375e7312589fc9f690a6bb153182e/ml-pretrained-0.0.9.tar.gz
[2023-08-07 00:12:04] INFO root fetch - processPackages [pipcoloradditionV1]: executing diffoscope
[2023-08-07 00:12:04] INFO root fetch - processPackages [pipcoloradditionV1]: podman run --user 0:0 --rm -w /home/abi/fetcher -v /home/abi/fetcher/tmp:/home/abi/fetcher/tmp:ro -v /home/abi/fetcher/20230807:/home/abi/fetcher/20230807:rw registry.salsa.debian.org/reproducible-builds/diffoscope --no-progress tmp/pipcoloradditionV1-1.0.0.tar.gz tmp/pipcoloradditionV1-1.1.0.tar.gz --markdown 20230807/p/pipcoloradditionV1/1.0.0-1.1.0/diff.md --exclude *.pyd
[2023-08-07 00:12:04] INFO root fetch - processPackages [pipcoloradditionV1]: executing diffoscope
[2023-08-07 00:12:04] INFO root fetch - processPackages [pipcoloradditionV1]: podman run --user 0:0 --rm -w /home/abi/fetcher -v /home/abi/fetcher/tmp:/home/abi/fetcher/tmp:ro -v /home/abi/fetcher/20230807:/home/abi/fetcher/20230807:rw registry.salsa.debian.org/reproducible-builds/diffoscope --no-progress tmp/pipcoloradditionV1-1.0.0.tar.gz tmp/pipcoloradditionV1-1.1.0.tar.gz --markdown 20230807/p/pipcoloradditionV1/1.0.0-1.1.0/diff.md --exclude *.pyd
[2023-08-07 00:12:04] INFO root fetch - processPackages [letterboxd-stats]: executing diffoscope
[2023-08-07 00:12:04] INFO root fetch - processPackages [letterboxd-stats]: podman run --user 0:0 --rm -w /home/abi/fetcher -v /home/abi/fetcher/tmp:/home/abi/fetcher/tmp:ro -v /home/abi/fetcher/20230807:/home/abi/fetcher/20230807:rw registry.salsa.debian.org/reproducible-builds/diffoscope --no-progress tmp/letterboxd_stats-0.2.6.tar.gz tmp/letterboxd_stats-0.2.7.tar.gz --markdown 20230807/l/letterboxd-stats/0.2.6-0.2.7/diff.md --exclude *.pyd
[2023-08-07 00:12:04] INFO root fetch - processPackages [ml-pretrained]: executing diffoscope
[2023-08-07 00:12:04] INFO root fetch - processPackages [ml-pretrained]: podman run --user 0:0 --rm -w /home/abi/fetcher -v /home/abi/fetcher/tmp:/home/abi/fetcher/tmp:ro -v /home/abi/fetcher/20230807:/home/abi/fetcher/20230807:rw registry.salsa.debian.org/reproducible-builds/diffoscope --no-progress tmp/ml-pretrained-0.0.8.tar.gz tmp/ml-pretrained-0.0.9.tar.gz --markdown 20230807/m/ml-pretrained/0.0.8-0.0.9/diff.md --exclude *.pyd
[2023-08-07 00:12:05] INFO root fetch - processPackages [superpathlib]: Remove: archive file [/home/abi/fetcher/tmp/superpathlib-1.0.4.tar.gz]
[2023-08-07 00:12:05] INFO root fetch - processPackages [superpathlib]: Remove: archive file [/home/abi/fetcher/tmp/superpathlib-1.1.0.tar.gz]
[2023-08-07 00:12:05] INFO root fetch - main [MainThread]: End processing [superpathlib]: success
[2023-08-07 00:12:05] INFO root fetch - processPackages [easyecs]: Remove: archive file [/home/abi/fetcher/tmp/easyecs-0.5.1.tar.gz]
[2023-08-07 00:12:05] INFO root fetch - processPackages [easyecs]: Remove: archive file [/home/abi/fetcher/tmp/easyecs-0.6.0.tar.gz]
[2023-08-07 00:12:05] INFO root fetch - main [MainThread]: End processing [easyecs]: success
[2023-08-07 00:12:05] INFO root fetch - processPackages [poonia]: Remove: archive file [/home/abi/fetcher/tmp/poonia-0.1.8.tar.gz]
[2023-08-07 00:12:05] INFO root fetch - processPackages [poonia]: Remove: archive file [/home/abi/fetcher/tmp/poonia-0.1.9.tar.gz]
[2023-08-07 00:12:05] INFO root fetch - main [MainThread]: End processing [poonia]: success
[2023-08-07 00:12:06] INFO root fetch - processPackages [pipcoloradditionV1]: Remove: archive file [/home/abi/fetcher/tmp/pipcoloradditionV1-1.0.0.tar.gz]
[2023-08-07 00:12:06] INFO root fetch - processPackages [pipcoloradditionV1]: Remove: archive file [/home/abi/fetcher/tmp/pipcoloradditionV1-1.1.0.tar.gz]
[2023-08-07 00:12:06] INFO root fetch - main [MainThread]: End processing [pipcoloradditionV1]: success
[2023-08-07 00:12:06] INFO root fetch - processPackages [instagrapi]: Remove: archive file [/home/abi/fetcher/tmp/instagrapi-1.9.8.tar.gz]
[2023-08-07 00:12:06] INFO root fetch - processPackages [instagrapi]: Remove: archive file [/home/abi/fetcher/tmp/instagrapi-1.9.9.tar.gz]
[2023-08-07 00:12:06] INFO root fetch - main [MainThread]: End processing [instagrapi]: success
[2023-08-07 00:12:06] INFO root fetch - processPackages [letterboxd-stats]: Remove: archive file [/home/abi/fetcher/tmp/letterboxd_stats-0.2.6.tar.gz]
[2023-08-07 00:12:06] INFO root fetch - processPackages [letterboxd-stats]: Remove: archive file [/home/abi/fetcher/tmp/letterboxd_stats-0.2.7.tar.gz]
[2023-08-07 00:12:06] INFO root fetch - main [MainThread]: End processing [letterboxd-stats]: success
[2023-08-07 00:12:06] INFO root fetch - processPackages [yalexs]: Remove: archive file [/home/abi/fetcher/tmp/yalexs-1.5.1.tar.gz]
[2023-08-07 00:12:06] INFO root fetch - processPackages [yalexs]: Remove: archive file [/home/abi/fetcher/tmp/yalexs-1.5.2.tar.gz]
[2023-08-07 00:12:06] INFO root fetch - main [MainThread]: End processing [yalexs]: success
[2023-08-07 00:12:06] INFO root fetch - main [MainThread]: End processing [pipcoloradditionV1]: success
[2023-08-07 00:12:06] INFO root fetch - processPackages [ml-pretrained]: Remove: archive file [/home/abi/fetcher/tmp/ml-pretrained-0.0.8.tar.gz]
[2023-08-07 00:12:06] INFO root fetch - processPackages [ml-pretrained]: Remove: archive file [/home/abi/fetcher/tmp/ml-pretrained-0.0.9.tar.gz]
[2023-08-07 00:12:06] INFO root fetch - main [MainThread]: End processing [ml-pretrained]: success
[2023-08-07 00:12:06] INFO root fetch - main [MainThread]: Store serial: [19197604]
